<?xml version='1.0' encoding='UTF-8'?>
<testsuite hostname="LAPTOP-PB5GH7AF" name="CafeTest" tests="8" errors="0" failures="0" skipped="0" time="0.049" timestamp="2025-01-13T09:34:47">
          <properties>
      <property name="java.specification.version" value="17"/><property name="sun.cpu.isalist" value="amd64"/><property name="sun.jnu.encoding" value="Cp1252"/><property name="sbt.log.format" value="true"/><property name="sun.arch.data.model" value="64"/><property name="java.vendor.url" value="https://java.oracle.com/"/><property name="sun.boot.library.path" value="C:\Program Files\Java\jdk-17\bin"/><property name="sun.java.command" value="xsbt.boot.Boot test"/><property name="jdk.debug" value="release"/><property name="sun.stderr.encoding" value="cp437"/><property name="java.specification.vendor" value="Oracle Corporation"/><property name="java.version.date" value="2024-07-16"/><property name="java.home" value="C:\Program Files\Java\jdk-17"/><property name="file.separator" value="\"/><property name="java.vm.compressedOopsMode" value="32-bit"/><property name="line.separator" value="
"/><property name="sun.stdout.encoding" value="cp437"/><property name="java.vm.specification.vendor" value="Oracle Corporation"/><property name="java.specification.name" value="Java Platform API Specification"/><property name="user.script" value=""/><property name="sun.management.compiler" value="HotSpot 64-Bit Tiered Compilers"/><property name="java.runtime.version" value="17.0.12+8-LTS-286"/><property name="user.name" value="mzgad"/><property name="log4j.ignoreTCL" value="true"/><property name="file.encoding" value="Cp1252"/><property name="jnidispatch.path" value="C:\Users\mzgad\AppData\Local\Temp\jna-104400381\jna12808268478305410075.dll"/><property name="jna.loaded" value="true"/><property name="java.io.tmpdir" value="C:\Users\mzgad\AppData\Local\Temp\"/><property name="java.version" value="17.0.12"/><property name="java.vm.specification.name" value="Java Virtual Machine Specification"/><property name="sun.os.patch.level" value=""/><property name="native.encoding" value="Cp1252"/><property name="java.library.path" value="C:\Program Files\Java\jdk-17\bin;C:\WINDOWS\Sun\Java\bin;C:\WINDOWS\system32;C:\WINDOWS;C:\Program Files\Java\jdk-17\jdk-17\bin;C:\Program Files\Common Files\Oracle\Java\javapath;C:\WINDOWS\system32;C:\WINDOWS;C:\WINDOWS\System32\Wbem;C:\WINDOWS\System32\WindowsPowerShell\v1.0\;C:\WINDOWS\System32\OpenSSH\;C:\Program Files\Java\jdk-17\bin;C:\Program Files\apache-maven-3.6.0-bin\apache-maven-3.6.0\bin;C:\Program Files\Git\cmd;C:\Program Files\MongoDB\Server\4.0\bin;C:\Program Files\nodejs\;C:\ProgramData\chocolatey\bin;C:\Users\mzgad\AppData\Local\Microsoft\WindowsApps;C:\Users\mzgad\AppData\Local\Programs\Microsoft VS Code\bin;C:\Program Files (x86)\sbt\bin;C:\Users\mzgad\AppData\Roaming\npm;C:\Program Files\Docker\Docker\resources\bin;;."/><property name="java.vendor" value="Oracle Corporation"/><property name="scala.ext.dirs" value="C:\Users\mzgad\.sbt\0.13\java9-rt-ext-oracle_corporation_17_0_12"/><property name="sun.io.unicode.encoding" value="UnicodeLittle"/><property name="java.class.path" value="C:\Program Files (x86)\sbt\bin\sbt-launch.jar"/><property name="java.vm.vendor" value="Oracle Corporation"/><property name="user.variant" value=""/><property name="jline.shutdownhook" value="false"/><property name="user.timezone" value="Europe/London"/><property name="java.vm.specification.version" value="17"/><property name="os.name" value="Windows 10"/><property name="sun.java.launcher" value="SUN_STANDARD"/><property name="user.country" value="GB"/><property name="sun.cpu.endian" value="little"/><property name="user.home" value="C:\Users\mzgad"/><property name="user.language" value="en"/><property name="swoval.tmpdir" value="C:\Users\mzgad\.sbt\1.0"/><property name="jline.esc.timeout" value="0"/><property name="path.separator" value=";"/><property name="os.version" value="10.0"/><property name="jna.nosys" value="true"/><property name="java.runtime.name" value="Java(TM) SE Runtime Environment"/><property name="java.vm.name" value="Java HotSpot(TM) 64-Bit Server VM"/><property name="java.vendor.url.bug" value="https://bugreport.java.com/bugreport/"/><property name="user.dir" value="C:\Users\mzgad\Desktop\Code collection\job-int-1"/><property name="os.arch" value="amd64"/><property name="java.vm.info" value="mixed mode, sharing"/><property name="java.vm.version" value="17.0.12+8-LTS-286"/><property name="java.class.version" value="61.0"/>
    </properties>
          <testcase classname="CafeTest" name="Cafe.bill should return correct prices for cola" time="0.04">
                      
                    </testcase><testcase classname="CafeTest" name="Cafe.bill should return correct prices for coffee" time="0.001">
                      
                    </testcase><testcase classname="CafeTest" name="Cafe.bill should return correct prices for Cheese Sandwich with service charge" time="0.001">
                      
                    </testcase><testcase classname="CafeTest" name="Cafe.bill should return correct prices for Steak Sandwich with service charge" time="0.001">
                      
                    </testcase><testcase classname="CafeTest" name="Cafe.bill should return correct price for order with multiple items with cold service charge" time="0.001">
                      
                    </testcase><testcase classname="CafeTest" name="Cafe.bill should return correct price for order with multiple items with hot service charge" time="0.001">
                      
                    </testcase><testcase classname="CafeTest" name="Cafe.bill should return correct price for order with multiple items with hot service charge and 2 sandwiches" time="0.001">
                      
                    </testcase><testcase classname="CafeTest" name="Cafe.bill should return price with Â£20 max service charge for hot service charge" time="0.003">
                      
                    </testcase>
          <system-out><![CDATA[]]></system-out>
          <system-err><![CDATA[]]></system-err>
        </testsuite>